<?xml version="1.0" encoding="UTF-8"?>
<!-- Generated by org.testng.reporters.JUnitReportReporter -->
<testsuite hostname="DESKTOP-B61SC00" failures="0" tests="1" name="ProTrainingTech.AutomationTrainingProgram.browser" time="0.745" errors="0" timestamp="2022-04-30T22:07:43 EDT" skipped="0">
  <testcase classname="ProTrainingTech.AutomationTrainingProgram.browser" name="f" time="0.745"/>
  <system-out/>
</testsuite> <!-- ProTrainingTech.AutomationTrainingProgram.browser -->
