<?xml version="1.0" encoding="UTF-8"?>
<!-- Generated by org.testng.reporters.JUnitReportReporter -->
<testsuite hostname="DESKTOP-B61SC00" failures="0" tests="2" name="ProTrainingTech.AutomationTrainingProgram.NewTest" time="0.004" errors="0" timestamp="2022-05-03T15:01:51 EDT" skipped="0">
  <testcase classname="ProTrainingTech.AutomationTrainingProgram.NewTest" name="f" time="0.003"/>
  <system-out/>
  <testcase classname="ProTrainingTech.AutomationTrainingProgram.NewTest" name="test2" time="0.001"/>
  <system-out/>
</testsuite> <!-- ProTrainingTech.AutomationTrainingProgram.NewTest -->
